The target system is: PlayStation -  - mipsel
The host system is: Linux - 5.18.16-arch1-1 - x86_64
Compiling the C compiler identification source file "CMakeCCompilerId.c" succeeded.
Compiler: /usr/local/mipsel-none-elf/bin/mipsel-none-elf-gcc 
Build flags: 
Id flags:  

The output was:
0
/usr/local/mipsel-none-elf/bin/../lib/gcc/mipsel-none-elf/11.1.0/../../../../mipsel-none-elf/bin/ld: warning: cannot find entry symbol _start; defaulting to 0000000000400060


Compilation of the C compiler identification source "CMakeCCompilerId.c" produced "a.out"

The C compiler identification is GNU, found in "/home/jracek/code/engine/build/CMakeFiles/3.23.3/CompilerIdC/a.out"

Compiling the CXX compiler identification source file "CMakeCXXCompilerId.cpp" succeeded.
Compiler: /usr/local/mipsel-none-elf/bin/mipsel-none-elf-g++ 
Build flags: 
Id flags: -c 

The output was:
0


Compilation of the CXX compiler identification source "CMakeCXXCompilerId.cpp" produced "CMakeCXXCompilerId.o"

The CXX compiler identification is GNU, found in "/home/jracek/code/engine/build/CMakeFiles/3.23.3/CompilerIdCXX/CMakeCXXCompilerId.o"

Checking whether the ASM compiler is GNU using "--version" matched "(GNU assembler)|(GCC)|(Free Software Foundation)":
mipsel-none-elf-gcc (GCC) 11.1.0
Copyright (C) 2021 Free Software Foundation, Inc.
This is free software; see the source for copying conditions.  There is NO
warranty; not even for MERCHANTABILITY or FITNESS FOR A PARTICULAR PURPOSE.

Detecting C compiler ABI info compiled with the following output:
Change Dir: /home/jracek/code/engine/build/CMakeFiles/CMakeTmp

Run Build Command(s):/usr/bin/make -f Makefile cmTC_6dc77/fast && /usr/bin/make  -f CMakeFiles/cmTC_6dc77.dir/build.make CMakeFiles/cmTC_6dc77.dir/build
make[1]: Entering directory '/home/jracek/code/engine/build/CMakeFiles/CMakeTmp'
Building C object CMakeFiles/cmTC_6dc77.dir/CMakeCCompilerABI.c.obj
/usr/local/mipsel-none-elf/bin/mipsel-none-elf-gcc   -v -o CMakeFiles/cmTC_6dc77.dir/CMakeCCompilerABI.c.obj -c /usr/share/cmake/Modules/CMakeCCompilerABI.c
Using built-in specs.
COLLECT_GCC=/usr/local/mipsel-none-elf/bin/mipsel-none-elf-gcc
Target: mipsel-none-elf
Configured with: ../gcc-11.1.0/configure --prefix=/home/runner/work/PSn00bSDK/PSn00bSDK/gcc/linux --target=mipsel-none-elf --disable-docs --disable-nls --disable-libada --disable-libssp --disable-libquadmath --disable-libstdc++-v3 --with-float=soft --enable-languages=c,c++ --with-gnu-as --with-gnu-ld
Thread model: single
Supported LTO compression algorithms: zlib
gcc version 11.1.0 (GCC) 
COLLECT_GCC_OPTIONS='-v' '-o' 'CMakeFiles/cmTC_6dc77.dir/CMakeCCompilerABI.c.obj' '-c' '-msoft-float' '-dumpdir' 'CMakeFiles/cmTC_6dc77.dir/'
 /usr/local/mipsel-none-elf/bin/../libexec/gcc/mipsel-none-elf/11.1.0/cc1 -quiet -v -imultilib soft-float -iprefix /usr/local/mipsel-none-elf/bin/../lib/gcc/mipsel-none-elf/11.1.0/ /usr/share/cmake/Modules/CMakeCCompilerABI.c -quiet -dumpdir CMakeFiles/cmTC_6dc77.dir/ -dumpbase CMakeCCompilerABI.c.c -dumpbase-ext .c -msoft-float -version -o /tmp/ccGzOdyo.s
GNU C17 (GCC) version 11.1.0 (mipsel-none-elf)
	compiled by GNU C version 9.3.0, GMP version 6.1.0, MPFR version 3.1.4, MPC version 1.0.3, isl version isl-0.18-GMP

GGC heuristics: --param ggc-min-expand=100 --param ggc-min-heapsize=131072
ignoring nonexistent directory "/usr/local/mipsel-none-elf/bin/../lib/gcc/mipsel-none-elf/11.1.0/../../../../mipsel-none-elf/sys-include"
ignoring nonexistent directory "/usr/local/mipsel-none-elf/bin/../lib/gcc/mipsel-none-elf/11.1.0/../../../../mipsel-none-elf/include"
ignoring duplicate directory "/usr/local/mipsel-none-elf/bin/../lib/gcc/../../lib/gcc/mipsel-none-elf/11.1.0/include"
ignoring duplicate directory "/usr/local/mipsel-none-elf/bin/../lib/gcc/../../lib/gcc/mipsel-none-elf/11.1.0/include-fixed"
ignoring nonexistent directory "/usr/local/mipsel-none-elf/bin/../lib/gcc/../../lib/gcc/mipsel-none-elf/11.1.0/../../../../mipsel-none-elf/sys-include"
ignoring nonexistent directory "/usr/local/mipsel-none-elf/bin/../lib/gcc/../../lib/gcc/mipsel-none-elf/11.1.0/../../../../mipsel-none-elf/include"
#include "..." search starts here:
#include <...> search starts here:
 .
 /usr/local/include/libpsn00b
 /usr/local/mipsel-none-elf/bin/../lib/gcc/mipsel-none-elf/11.1.0/include
 /usr/local/mipsel-none-elf/bin/../lib/gcc/mipsel-none-elf/11.1.0/include-fixed
End of search list.
GNU C17 (GCC) version 11.1.0 (mipsel-none-elf)
	compiled by GNU C version 9.3.0, GMP version 6.1.0, MPFR version 3.1.4, MPC version 1.0.3, isl version isl-0.18-GMP

GGC heuristics: --param ggc-min-expand=100 --param ggc-min-heapsize=131072
Compiler executable checksum: 9ea9aeea02383e1b066e5f57340eaa3a
COLLECT_GCC_OPTIONS='-v' '-o' 'CMakeFiles/cmTC_6dc77.dir/CMakeCCompilerABI.c.obj' '-c' '-msoft-float' '-dumpdir' 'CMakeFiles/cmTC_6dc77.dir/'
 /usr/local/mipsel-none-elf/bin/../lib/gcc/mipsel-none-elf/11.1.0/../../../../mipsel-none-elf/bin/as -v -EL -O1 -mabi=32 -msoft-float -o CMakeFiles/cmTC_6dc77.dir/CMakeCCompilerABI.c.obj /tmp/ccGzOdyo.s
GNU assembler version 2.36 (mipsel-none-elf) using BFD version (GNU Binutils) 2.36
COMPILER_PATH=/usr/local/mipsel-none-elf/bin/../libexec/gcc/mipsel-none-elf/11.1.0/:/usr/local/mipsel-none-elf/bin/../libexec/gcc/:/usr/local/mipsel-none-elf/bin/../lib/gcc/mipsel-none-elf/11.1.0/../../../../mipsel-none-elf/bin/
LIBRARY_PATH=/usr/local/mipsel-none-elf/bin/../lib/gcc/mipsel-none-elf/11.1.0/soft-float/:/usr/local/mipsel-none-elf/bin/../lib/gcc/mipsel-none-elf/11.1.0/:/usr/local/mipsel-none-elf/bin/../lib/gcc/:/usr/local/mipsel-none-elf/bin/../lib/gcc/mipsel-none-elf/11.1.0/../../../../mipsel-none-elf/lib/
COLLECT_GCC_OPTIONS='-v' '-o' 'CMakeFiles/cmTC_6dc77.dir/CMakeCCompilerABI.c.obj' '-c' '-msoft-float' '-dumpdir' 'CMakeFiles/cmTC_6dc77.dir/CMakeCCompilerABI.c.'
Linking C static library libcmTC_6dc77.a
/usr/bin/cmake -P CMakeFiles/cmTC_6dc77.dir/cmake_clean_target.cmake
/usr/bin/cmake -E cmake_link_script CMakeFiles/cmTC_6dc77.dir/link.txt --verbose=1
/usr/local/mipsel-none-elf/bin/mipsel-none-elf-ar qc libcmTC_6dc77.a CMakeFiles/cmTC_6dc77.dir/CMakeCCompilerABI.c.obj
/usr/local/mipsel-none-elf/bin/mipsel-none-elf-ranlib libcmTC_6dc77.a
make[1]: Leaving directory '/home/jracek/code/engine/build/CMakeFiles/CMakeTmp'



Parsed C implicit include dir info from above output: rv=done
  found start of include info
  found start of implicit include info
    add: [.]
    add: [/usr/local/include/libpsn00b]
    add: [/usr/local/mipsel-none-elf/bin/../lib/gcc/mipsel-none-elf/11.1.0/include]
    add: [/usr/local/mipsel-none-elf/bin/../lib/gcc/mipsel-none-elf/11.1.0/include-fixed]
  end of search list found
  skipping relative include dir [.]
  collapse include dir [/usr/local/include/libpsn00b] ==> [/usr/local/include/libpsn00b]
  collapse include dir [/usr/local/mipsel-none-elf/bin/../lib/gcc/mipsel-none-elf/11.1.0/include] ==> [/usr/local/mipsel-none-elf/lib/gcc/mipsel-none-elf/11.1.0/include]
  collapse include dir [/usr/local/mipsel-none-elf/bin/../lib/gcc/mipsel-none-elf/11.1.0/include-fixed] ==> [/usr/local/mipsel-none-elf/lib/gcc/mipsel-none-elf/11.1.0/include-fixed]
  implicit include dirs: [/usr/local/include/libpsn00b;/usr/local/mipsel-none-elf/lib/gcc/mipsel-none-elf/11.1.0/include;/usr/local/mipsel-none-elf/lib/gcc/mipsel-none-elf/11.1.0/include-fixed]


Parsed C implicit link information from above output:
  link line regex: [^( *|.*[/\])(mipsel-none-elf-ld|CMAKE_LINK_STARTFILE-NOTFOUND|([^/\]+-)?ld|collect2)[^/\]*( |$)]
  ignore line: [Change Dir: /home/jracek/code/engine/build/CMakeFiles/CMakeTmp]
  ignore line: []
  ignore line: [Run Build Command(s):/usr/bin/make -f Makefile cmTC_6dc77/fast && /usr/bin/make  -f CMakeFiles/cmTC_6dc77.dir/build.make CMakeFiles/cmTC_6dc77.dir/build]
  ignore line: [make[1]: Entering directory '/home/jracek/code/engine/build/CMakeFiles/CMakeTmp']
  ignore line: [Building C object CMakeFiles/cmTC_6dc77.dir/CMakeCCompilerABI.c.obj]
  ignore line: [/usr/local/mipsel-none-elf/bin/mipsel-none-elf-gcc   -v -o CMakeFiles/cmTC_6dc77.dir/CMakeCCompilerABI.c.obj -c /usr/share/cmake/Modules/CMakeCCompilerABI.c]
  ignore line: [Using built-in specs.]
  ignore line: [COLLECT_GCC=/usr/local/mipsel-none-elf/bin/mipsel-none-elf-gcc]
  ignore line: [Target: mipsel-none-elf]
  ignore line: [Configured with: ../gcc-11.1.0/configure --prefix=/home/runner/work/PSn00bSDK/PSn00bSDK/gcc/linux --target=mipsel-none-elf --disable-docs --disable-nls --disable-libada --disable-libssp --disable-libquadmath --disable-libstdc++-v3 --with-float=soft --enable-languages=c,c++ --with-gnu-as --with-gnu-ld]
  ignore line: [Thread model: single]
  ignore line: [Supported LTO compression algorithms: zlib]
  ignore line: [gcc version 11.1.0 (GCC) ]
  ignore line: [COLLECT_GCC_OPTIONS='-v' '-o' 'CMakeFiles/cmTC_6dc77.dir/CMakeCCompilerABI.c.obj' '-c' '-msoft-float' '-dumpdir' 'CMakeFiles/cmTC_6dc77.dir/']
  ignore line: [ /usr/local/mipsel-none-elf/bin/../libexec/gcc/mipsel-none-elf/11.1.0/cc1 -quiet -v -imultilib soft-float -iprefix /usr/local/mipsel-none-elf/bin/../lib/gcc/mipsel-none-elf/11.1.0/ /usr/share/cmake/Modules/CMakeCCompilerABI.c -quiet -dumpdir CMakeFiles/cmTC_6dc77.dir/ -dumpbase CMakeCCompilerABI.c.c -dumpbase-ext .c -msoft-float -version -o /tmp/ccGzOdyo.s]
  ignore line: [GNU C17 (GCC) version 11.1.0 (mipsel-none-elf)]
  ignore line: [	compiled by GNU C version 9.3.0  GMP version 6.1.0  MPFR version 3.1.4  MPC version 1.0.3  isl version isl-0.18-GMP]
  ignore line: []
  ignore line: [GGC heuristics: --param ggc-min-expand=100 --param ggc-min-heapsize=131072]
  ignore line: [ignoring nonexistent directory "/usr/local/mipsel-none-elf/bin/../lib/gcc/mipsel-none-elf/11.1.0/../../../../mipsel-none-elf/sys-include"]
  ignore line: [ignoring nonexistent directory "/usr/local/mipsel-none-elf/bin/../lib/gcc/mipsel-none-elf/11.1.0/../../../../mipsel-none-elf/include"]
  ignore line: [ignoring duplicate directory "/usr/local/mipsel-none-elf/bin/../lib/gcc/../../lib/gcc/mipsel-none-elf/11.1.0/include"]
  ignore line: [ignoring duplicate directory "/usr/local/mipsel-none-elf/bin/../lib/gcc/../../lib/gcc/mipsel-none-elf/11.1.0/include-fixed"]
  ignore line: [ignoring nonexistent directory "/usr/local/mipsel-none-elf/bin/../lib/gcc/../../lib/gcc/mipsel-none-elf/11.1.0/../../../../mipsel-none-elf/sys-include"]
  ignore line: [ignoring nonexistent directory "/usr/local/mipsel-none-elf/bin/../lib/gcc/../../lib/gcc/mipsel-none-elf/11.1.0/../../../../mipsel-none-elf/include"]
  ignore line: [#include "..." search starts here:]
  ignore line: [#include <...> search starts here:]
  ignore line: [ .]
  ignore line: [ /usr/local/include/libpsn00b]
  ignore line: [ /usr/local/mipsel-none-elf/bin/../lib/gcc/mipsel-none-elf/11.1.0/include]
  ignore line: [ /usr/local/mipsel-none-elf/bin/../lib/gcc/mipsel-none-elf/11.1.0/include-fixed]
  ignore line: [End of search list.]
  ignore line: [GNU C17 (GCC) version 11.1.0 (mipsel-none-elf)]
  ignore line: [	compiled by GNU C version 9.3.0  GMP version 6.1.0  MPFR version 3.1.4  MPC version 1.0.3  isl version isl-0.18-GMP]
  ignore line: []
  ignore line: [GGC heuristics: --param ggc-min-expand=100 --param ggc-min-heapsize=131072]
  ignore line: [Compiler executable checksum: 9ea9aeea02383e1b066e5f57340eaa3a]
  ignore line: [COLLECT_GCC_OPTIONS='-v' '-o' 'CMakeFiles/cmTC_6dc77.dir/CMakeCCompilerABI.c.obj' '-c' '-msoft-float' '-dumpdir' 'CMakeFiles/cmTC_6dc77.dir/']
  ignore line: [ /usr/local/mipsel-none-elf/bin/../lib/gcc/mipsel-none-elf/11.1.0/../../../../mipsel-none-elf/bin/as -v -EL -O1 -mabi=32 -msoft-float -o CMakeFiles/cmTC_6dc77.dir/CMakeCCompilerABI.c.obj /tmp/ccGzOdyo.s]
  ignore line: [GNU assembler version 2.36 (mipsel-none-elf) using BFD version (GNU Binutils) 2.36]
  ignore line: [COMPILER_PATH=/usr/local/mipsel-none-elf/bin/../libexec/gcc/mipsel-none-elf/11.1.0/:/usr/local/mipsel-none-elf/bin/../libexec/gcc/:/usr/local/mipsel-none-elf/bin/../lib/gcc/mipsel-none-elf/11.1.0/../../../../mipsel-none-elf/bin/]
  ignore line: [LIBRARY_PATH=/usr/local/mipsel-none-elf/bin/../lib/gcc/mipsel-none-elf/11.1.0/soft-float/:/usr/local/mipsel-none-elf/bin/../lib/gcc/mipsel-none-elf/11.1.0/:/usr/local/mipsel-none-elf/bin/../lib/gcc/:/usr/local/mipsel-none-elf/bin/../lib/gcc/mipsel-none-elf/11.1.0/../../../../mipsel-none-elf/lib/]
  ignore line: [COLLECT_GCC_OPTIONS='-v' '-o' 'CMakeFiles/cmTC_6dc77.dir/CMakeCCompilerABI.c.obj' '-c' '-msoft-float' '-dumpdir' 'CMakeFiles/cmTC_6dc77.dir/CMakeCCompilerABI.c.']
  ignore line: [Linking C static library libcmTC_6dc77.a]
  ignore line: [/usr/bin/cmake -P CMakeFiles/cmTC_6dc77.dir/cmake_clean_target.cmake]
  ignore line: [/usr/bin/cmake -E cmake_link_script CMakeFiles/cmTC_6dc77.dir/link.txt --verbose=1]
  ignore line: [/usr/local/mipsel-none-elf/bin/mipsel-none-elf-ar qc libcmTC_6dc77.a CMakeFiles/cmTC_6dc77.dir/CMakeCCompilerABI.c.obj]
  ignore line: [/usr/local/mipsel-none-elf/bin/mipsel-none-elf-ranlib libcmTC_6dc77.a]
  ignore line: [make[1]: Leaving directory '/home/jracek/code/engine/build/CMakeFiles/CMakeTmp']
  ignore line: []
  ignore line: []
  implicit libs: []
  implicit objs: []
  implicit dirs: []
  implicit fwks: []


Detecting CXX compiler ABI info compiled with the following output:
Change Dir: /home/jracek/code/engine/build/CMakeFiles/CMakeTmp

Run Build Command(s):/usr/bin/make -f Makefile cmTC_7d000/fast && /usr/bin/make  -f CMakeFiles/cmTC_7d000.dir/build.make CMakeFiles/cmTC_7d000.dir/build
make[1]: Entering directory '/home/jracek/code/engine/build/CMakeFiles/CMakeTmp'
Building CXX object CMakeFiles/cmTC_7d000.dir/CMakeCXXCompilerABI.cpp.obj
/usr/local/mipsel-none-elf/bin/mipsel-none-elf-g++   -v -o CMakeFiles/cmTC_7d000.dir/CMakeCXXCompilerABI.cpp.obj -c /usr/share/cmake/Modules/CMakeCXXCompilerABI.cpp
Using built-in specs.
COLLECT_GCC=/usr/local/mipsel-none-elf/bin/mipsel-none-elf-g++
Target: mipsel-none-elf
Configured with: ../gcc-11.1.0/configure --prefix=/home/runner/work/PSn00bSDK/PSn00bSDK/gcc/linux --target=mipsel-none-elf --disable-docs --disable-nls --disable-libada --disable-libssp --disable-libquadmath --disable-libstdc++-v3 --with-float=soft --enable-languages=c,c++ --with-gnu-as --with-gnu-ld
Thread model: single
Supported LTO compression algorithms: zlib
gcc version 11.1.0 (GCC) 
COLLECT_GCC_OPTIONS='-v' '-o' 'CMakeFiles/cmTC_7d000.dir/CMakeCXXCompilerABI.cpp.obj' '-c' '-msoft-float' '-dumpdir' 'CMakeFiles/cmTC_7d000.dir/'
 /usr/local/mipsel-none-elf/bin/../libexec/gcc/mipsel-none-elf/11.1.0/cc1plus -quiet -v -imultilib soft-float -iprefix /usr/local/mipsel-none-elf/bin/../lib/gcc/mipsel-none-elf/11.1.0/ /usr/share/cmake/Modules/CMakeCXXCompilerABI.cpp -quiet -dumpdir CMakeFiles/cmTC_7d000.dir/ -dumpbase CMakeCXXCompilerABI.cpp.cpp -dumpbase-ext .cpp -msoft-float -version -o /tmp/ccrsArk1.s
GNU C++17 (GCC) version 11.1.0 (mipsel-none-elf)
	compiled by GNU C version 9.3.0, GMP version 6.1.0, MPFR version 3.1.4, MPC version 1.0.3, isl version isl-0.18-GMP

GGC heuristics: --param ggc-min-expand=100 --param ggc-min-heapsize=131072
ignoring nonexistent directory "/usr/local/mipsel-none-elf/bin/../lib/gcc/mipsel-none-elf/11.1.0/../../../../mipsel-none-elf/include/c++/11.1.0"
ignoring nonexistent directory "/usr/local/mipsel-none-elf/bin/../lib/gcc/mipsel-none-elf/11.1.0/../../../../mipsel-none-elf/include/c++/11.1.0/mipsel-none-elf/soft-float"
ignoring nonexistent directory "/usr/local/mipsel-none-elf/bin/../lib/gcc/mipsel-none-elf/11.1.0/../../../../mipsel-none-elf/include/c++/11.1.0/backward"
ignoring nonexistent directory "/usr/local/mipsel-none-elf/bin/../lib/gcc/mipsel-none-elf/11.1.0/../../../../mipsel-none-elf/sys-include"
ignoring nonexistent directory "/usr/local/mipsel-none-elf/bin/../lib/gcc/mipsel-none-elf/11.1.0/../../../../mipsel-none-elf/include"
ignoring nonexistent directory "/usr/local/mipsel-none-elf/bin/../lib/gcc/../../lib/gcc/mipsel-none-elf/11.1.0/../../../../mipsel-none-elf/include/c++/11.1.0"
ignoring nonexistent directory "/usr/local/mipsel-none-elf/bin/../lib/gcc/../../lib/gcc/mipsel-none-elf/11.1.0/../../../../mipsel-none-elf/include/c++/11.1.0/mipsel-none-elf/soft-float"
ignoring nonexistent directory "/usr/local/mipsel-none-elf/bin/../lib/gcc/../../lib/gcc/mipsel-none-elf/11.1.0/../../../../mipsel-none-elf/include/c++/11.1.0/backward"
ignoring duplicate directory "/usr/local/mipsel-none-elf/bin/../lib/gcc/../../lib/gcc/mipsel-none-elf/11.1.0/include"
ignoring duplicate directory "/usr/local/mipsel-none-elf/bin/../lib/gcc/../../lib/gcc/mipsel-none-elf/11.1.0/include-fixed"
ignoring nonexistent directory "/usr/local/mipsel-none-elf/bin/../lib/gcc/../../lib/gcc/mipsel-none-elf/11.1.0/../../../../mipsel-none-elf/sys-include"
ignoring nonexistent directory "/usr/local/mipsel-none-elf/bin/../lib/gcc/../../lib/gcc/mipsel-none-elf/11.1.0/../../../../mipsel-none-elf/include"
#include "..." search starts here:
#include <...> search starts here:
 /usr/local/mipsel-none-elf/bin/../lib/gcc/mipsel-none-elf/11.1.0/include
 /usr/local/mipsel-none-elf/bin/../lib/gcc/mipsel-none-elf/11.1.0/include-fixed
End of search list.
GNU C++17 (GCC) version 11.1.0 (mipsel-none-elf)
	compiled by GNU C version 9.3.0, GMP version 6.1.0, MPFR version 3.1.4, MPC version 1.0.3, isl version isl-0.18-GMP

GGC heuristics: --param ggc-min-expand=100 --param ggc-min-heapsize=131072
Compiler executable checksum: 762a08d4ce9ec943d816892ececadc52
COLLECT_GCC_OPTIONS='-v' '-o' 'CMakeFiles/cmTC_7d000.dir/CMakeCXXCompilerABI.cpp.obj' '-c' '-msoft-float' '-dumpdir' 'CMakeFiles/cmTC_7d000.dir/'
 /usr/local/mipsel-none-elf/bin/../lib/gcc/mipsel-none-elf/11.1.0/../../../../mipsel-none-elf/bin/as -v -EL -O1 -mabi=32 -msoft-float -o CMakeFiles/cmTC_7d000.dir/CMakeCXXCompilerABI.cpp.obj /tmp/ccrsArk1.s
GNU assembler version 2.36 (mipsel-none-elf) using BFD version (GNU Binutils) 2.36
COMPILER_PATH=/usr/local/mipsel-none-elf/bin/../libexec/gcc/mipsel-none-elf/11.1.0/:/usr/local/mipsel-none-elf/bin/../libexec/gcc/:/usr/local/mipsel-none-elf/bin/../lib/gcc/mipsel-none-elf/11.1.0/../../../../mipsel-none-elf/bin/
LIBRARY_PATH=/usr/local/mipsel-none-elf/bin/../lib/gcc/mipsel-none-elf/11.1.0/soft-float/:/usr/local/mipsel-none-elf/bin/../lib/gcc/mipsel-none-elf/11.1.0/:/usr/local/mipsel-none-elf/bin/../lib/gcc/:/usr/local/mipsel-none-elf/bin/../lib/gcc/mipsel-none-elf/11.1.0/../../../../mipsel-none-elf/lib/
COLLECT_GCC_OPTIONS='-v' '-o' 'CMakeFiles/cmTC_7d000.dir/CMakeCXXCompilerABI.cpp.obj' '-c' '-msoft-float' '-dumpdir' 'CMakeFiles/cmTC_7d000.dir/CMakeCXXCompilerABI.cpp.'
Linking CXX static library libcmTC_7d000.a
/usr/bin/cmake -P CMakeFiles/cmTC_7d000.dir/cmake_clean_target.cmake
/usr/bin/cmake -E cmake_link_script CMakeFiles/cmTC_7d000.dir/link.txt --verbose=1
/usr/local/mipsel-none-elf/bin/mipsel-none-elf-ar qc libcmTC_7d000.a CMakeFiles/cmTC_7d000.dir/CMakeCXXCompilerABI.cpp.obj
/usr/local/mipsel-none-elf/bin/mipsel-none-elf-ranlib libcmTC_7d000.a
make[1]: Leaving directory '/home/jracek/code/engine/build/CMakeFiles/CMakeTmp'



Parsed CXX implicit include dir info from above output: rv=done
  found start of include info
  found start of implicit include info
    add: [/usr/local/mipsel-none-elf/bin/../lib/gcc/mipsel-none-elf/11.1.0/include]
    add: [/usr/local/mipsel-none-elf/bin/../lib/gcc/mipsel-none-elf/11.1.0/include-fixed]
  end of search list found
  collapse include dir [/usr/local/mipsel-none-elf/bin/../lib/gcc/mipsel-none-elf/11.1.0/include] ==> [/usr/local/mipsel-none-elf/lib/gcc/mipsel-none-elf/11.1.0/include]
  collapse include dir [/usr/local/mipsel-none-elf/bin/../lib/gcc/mipsel-none-elf/11.1.0/include-fixed] ==> [/usr/local/mipsel-none-elf/lib/gcc/mipsel-none-elf/11.1.0/include-fixed]
  implicit include dirs: [/usr/local/mipsel-none-elf/lib/gcc/mipsel-none-elf/11.1.0/include;/usr/local/mipsel-none-elf/lib/gcc/mipsel-none-elf/11.1.0/include-fixed]


Parsed CXX implicit link information from above output:
  link line regex: [^( *|.*[/\])(mipsel-none-elf-ld|CMAKE_LINK_STARTFILE-NOTFOUND|([^/\]+-)?ld|collect2)[^/\]*( |$)]
  ignore line: [Change Dir: /home/jracek/code/engine/build/CMakeFiles/CMakeTmp]
  ignore line: []
  ignore line: [Run Build Command(s):/usr/bin/make -f Makefile cmTC_7d000/fast && /usr/bin/make  -f CMakeFiles/cmTC_7d000.dir/build.make CMakeFiles/cmTC_7d000.dir/build]
  ignore line: [make[1]: Entering directory '/home/jracek/code/engine/build/CMakeFiles/CMakeTmp']
  ignore line: [Building CXX object CMakeFiles/cmTC_7d000.dir/CMakeCXXCompilerABI.cpp.obj]
  ignore line: [/usr/local/mipsel-none-elf/bin/mipsel-none-elf-g++   -v -o CMakeFiles/cmTC_7d000.dir/CMakeCXXCompilerABI.cpp.obj -c /usr/share/cmake/Modules/CMakeCXXCompilerABI.cpp]
  ignore line: [Using built-in specs.]
  ignore line: [COLLECT_GCC=/usr/local/mipsel-none-elf/bin/mipsel-none-elf-g++]
  ignore line: [Target: mipsel-none-elf]
  ignore line: [Configured with: ../gcc-11.1.0/configure --prefix=/home/runner/work/PSn00bSDK/PSn00bSDK/gcc/linux --target=mipsel-none-elf --disable-docs --disable-nls --disable-libada --disable-libssp --disable-libquadmath --disable-libstdc++-v3 --with-float=soft --enable-languages=c,c++ --with-gnu-as --with-gnu-ld]
  ignore line: [Thread model: single]
  ignore line: [Supported LTO compression algorithms: zlib]
  ignore line: [gcc version 11.1.0 (GCC) ]
  ignore line: [COLLECT_GCC_OPTIONS='-v' '-o' 'CMakeFiles/cmTC_7d000.dir/CMakeCXXCompilerABI.cpp.obj' '-c' '-msoft-float' '-dumpdir' 'CMakeFiles/cmTC_7d000.dir/']
  ignore line: [ /usr/local/mipsel-none-elf/bin/../libexec/gcc/mipsel-none-elf/11.1.0/cc1plus -quiet -v -imultilib soft-float -iprefix /usr/local/mipsel-none-elf/bin/../lib/gcc/mipsel-none-elf/11.1.0/ /usr/share/cmake/Modules/CMakeCXXCompilerABI.cpp -quiet -dumpdir CMakeFiles/cmTC_7d000.dir/ -dumpbase CMakeCXXCompilerABI.cpp.cpp -dumpbase-ext .cpp -msoft-float -version -o /tmp/ccrsArk1.s]
  ignore line: [GNU C++17 (GCC) version 11.1.0 (mipsel-none-elf)]
  ignore line: [	compiled by GNU C version 9.3.0  GMP version 6.1.0  MPFR version 3.1.4  MPC version 1.0.3  isl version isl-0.18-GMP]
  ignore line: []
  ignore line: [GGC heuristics: --param ggc-min-expand=100 --param ggc-min-heapsize=131072]
  ignore line: [ignoring nonexistent directory "/usr/local/mipsel-none-elf/bin/../lib/gcc/mipsel-none-elf/11.1.0/../../../../mipsel-none-elf/include/c++/11.1.0"]
  ignore line: [ignoring nonexistent directory "/usr/local/mipsel-none-elf/bin/../lib/gcc/mipsel-none-elf/11.1.0/../../../../mipsel-none-elf/include/c++/11.1.0/mipsel-none-elf/soft-float"]
  ignore line: [ignoring nonexistent directory "/usr/local/mipsel-none-elf/bin/../lib/gcc/mipsel-none-elf/11.1.0/../../../../mipsel-none-elf/include/c++/11.1.0/backward"]
  ignore line: [ignoring nonexistent directory "/usr/local/mipsel-none-elf/bin/../lib/gcc/mipsel-none-elf/11.1.0/../../../../mipsel-none-elf/sys-include"]
  ignore line: [ignoring nonexistent directory "/usr/local/mipsel-none-elf/bin/../lib/gcc/mipsel-none-elf/11.1.0/../../../../mipsel-none-elf/include"]
  ignore line: [ignoring nonexistent directory "/usr/local/mipsel-none-elf/bin/../lib/gcc/../../lib/gcc/mipsel-none-elf/11.1.0/../../../../mipsel-none-elf/include/c++/11.1.0"]
  ignore line: [ignoring nonexistent directory "/usr/local/mipsel-none-elf/bin/../lib/gcc/../../lib/gcc/mipsel-none-elf/11.1.0/../../../../mipsel-none-elf/include/c++/11.1.0/mipsel-none-elf/soft-float"]
  ignore line: [ignoring nonexistent directory "/usr/local/mipsel-none-elf/bin/../lib/gcc/../../lib/gcc/mipsel-none-elf/11.1.0/../../../../mipsel-none-elf/include/c++/11.1.0/backward"]
  ignore line: [ignoring duplicate directory "/usr/local/mipsel-none-elf/bin/../lib/gcc/../../lib/gcc/mipsel-none-elf/11.1.0/include"]
  ignore line: [ignoring duplicate directory "/usr/local/mipsel-none-elf/bin/../lib/gcc/../../lib/gcc/mipsel-none-elf/11.1.0/include-fixed"]
  ignore line: [ignoring nonexistent directory "/usr/local/mipsel-none-elf/bin/../lib/gcc/../../lib/gcc/mipsel-none-elf/11.1.0/../../../../mipsel-none-elf/sys-include"]
  ignore line: [ignoring nonexistent directory "/usr/local/mipsel-none-elf/bin/../lib/gcc/../../lib/gcc/mipsel-none-elf/11.1.0/../../../../mipsel-none-elf/include"]
  ignore line: [#include "..." search starts here:]
  ignore line: [#include <...> search starts here:]
  ignore line: [ /usr/local/mipsel-none-elf/bin/../lib/gcc/mipsel-none-elf/11.1.0/include]
  ignore line: [ /usr/local/mipsel-none-elf/bin/../lib/gcc/mipsel-none-elf/11.1.0/include-fixed]
  ignore line: [End of search list.]
  ignore line: [GNU C++17 (GCC) version 11.1.0 (mipsel-none-elf)]
  ignore line: [	compiled by GNU C version 9.3.0  GMP version 6.1.0  MPFR version 3.1.4  MPC version 1.0.3  isl version isl-0.18-GMP]
  ignore line: []
  ignore line: [GGC heuristics: --param ggc-min-expand=100 --param ggc-min-heapsize=131072]
  ignore line: [Compiler executable checksum: 762a08d4ce9ec943d816892ececadc52]
  ignore line: [COLLECT_GCC_OPTIONS='-v' '-o' 'CMakeFiles/cmTC_7d000.dir/CMakeCXXCompilerABI.cpp.obj' '-c' '-msoft-float' '-dumpdir' 'CMakeFiles/cmTC_7d000.dir/']
  ignore line: [ /usr/local/mipsel-none-elf/bin/../lib/gcc/mipsel-none-elf/11.1.0/../../../../mipsel-none-elf/bin/as -v -EL -O1 -mabi=32 -msoft-float -o CMakeFiles/cmTC_7d000.dir/CMakeCXXCompilerABI.cpp.obj /tmp/ccrsArk1.s]
  ignore line: [GNU assembler version 2.36 (mipsel-none-elf) using BFD version (GNU Binutils) 2.36]
  ignore line: [COMPILER_PATH=/usr/local/mipsel-none-elf/bin/../libexec/gcc/mipsel-none-elf/11.1.0/:/usr/local/mipsel-none-elf/bin/../libexec/gcc/:/usr/local/mipsel-none-elf/bin/../lib/gcc/mipsel-none-elf/11.1.0/../../../../mipsel-none-elf/bin/]
  ignore line: [LIBRARY_PATH=/usr/local/mipsel-none-elf/bin/../lib/gcc/mipsel-none-elf/11.1.0/soft-float/:/usr/local/mipsel-none-elf/bin/../lib/gcc/mipsel-none-elf/11.1.0/:/usr/local/mipsel-none-elf/bin/../lib/gcc/:/usr/local/mipsel-none-elf/bin/../lib/gcc/mipsel-none-elf/11.1.0/../../../../mipsel-none-elf/lib/]
  ignore line: [COLLECT_GCC_OPTIONS='-v' '-o' 'CMakeFiles/cmTC_7d000.dir/CMakeCXXCompilerABI.cpp.obj' '-c' '-msoft-float' '-dumpdir' 'CMakeFiles/cmTC_7d000.dir/CMakeCXXCompilerABI.cpp.']
  ignore line: [Linking CXX static library libcmTC_7d000.a]
  ignore line: [/usr/bin/cmake -P CMakeFiles/cmTC_7d000.dir/cmake_clean_target.cmake]
  ignore line: [/usr/bin/cmake -E cmake_link_script CMakeFiles/cmTC_7d000.dir/link.txt --verbose=1]
  ignore line: [/usr/local/mipsel-none-elf/bin/mipsel-none-elf-ar qc libcmTC_7d000.a CMakeFiles/cmTC_7d000.dir/CMakeCXXCompilerABI.cpp.obj]
  ignore line: [/usr/local/mipsel-none-elf/bin/mipsel-none-elf-ranlib libcmTC_7d000.a]
  ignore line: [make[1]: Leaving directory '/home/jracek/code/engine/build/CMakeFiles/CMakeTmp']
  ignore line: []
  ignore line: []
  implicit libs: []
  implicit objs: []
  implicit dirs: []
  implicit fwks: []


